<?xml version="1.0" encoding="UTF-8"?>
<coverage generated="1592951355738" clover="3.2.0">
  <project timestamp="1592951355738" name="All files">
    <metrics statements="21" coveredstatements="19" conditionals="17" coveredconditionals="14" methods="4" coveredmethods="3" elements="42" coveredelements="36" complexity="0" loc="21" ncloc="21" packages="1" files="1" classes="1"/>
    <file name="verifyBusiness.ts" path="/home/felipe-ferraz/Área de Trabalho/desafio-big-bang/desafio-back-End-Big-Bang/src/business/verifyBusiness.ts">
      <metrics statements="21" coveredstatements="19" conditionals="17" coveredconditionals="14" methods="4" coveredmethods="3"/>
      <line num="3" count="1" type="stmt"/>
      <line num="4" count="5" type="cond" truecount="5" falsecount="0"/>
      <line num="5" count="3" type="stmt"/>
      <line num="7" count="2" type="stmt"/>
      <line num="10" count="1" type="stmt"/>
      <line num="11" count="4" type="stmt"/>
      <line num="12" count="4" type="cond" truecount="2" falsecount="0"/>
      <line num="13" count="1" type="stmt"/>
      <line num="15" count="3" type="cond" truecount="2" falsecount="0"/>
      <line num="16" count="1" type="stmt"/>
      <line num="18" count="2" type="cond" truecount="2" falsecount="0"/>
      <line num="19" count="1" type="stmt"/>
      <line num="21" count="1" type="cond" truecount="1" falsecount="1"/>
      <line num="22" count="1" type="stmt"/>
      <line num="26" count="1" type="stmt"/>
      <line num="27" count="0" type="cond" truecount="0" falsecount="2"/>
      <line num="28" count="0" type="stmt"/>
      <line num="32" count="1" type="stmt"/>
      <line num="33" count="2" type="cond" truecount="2" falsecount="0"/>
      <line num="34" count="1" type="stmt"/>
      <line num="36" count="1" type="stmt"/>
    </file>
  </project>
</coverage>
