<?xml version="1.0" encoding="UTF-8"?>
<coverage generated="1592997544609" clover="3.2.0">
  <project timestamp="1592997544609" name="All files">
    <metrics statements="26" coveredstatements="26" conditionals="19" coveredconditionals="18" methods="5" coveredmethods="5" elements="50" coveredelements="49" complexity="0" loc="26" ncloc="26" packages="1" files="1" classes="1"/>
    <file name="verifyBusiness.ts" path="/home/felipe-ferraz/Área de Trabalho/desafio-big-bang/desafio-back-End-Big-Bang/src/business/verifyBusiness.ts">
      <metrics statements="26" coveredstatements="26" conditionals="19" coveredconditionals="18" methods="5" coveredmethods="5"/>
      <line num="3" count="1" type="stmt"/>
      <line num="4" count="5" type="cond" truecount="5" falsecount="0"/>
      <line num="5" count="3" type="stmt"/>
      <line num="7" count="2" type="stmt"/>
      <line num="10" count="1" type="stmt"/>
      <line num="11" count="2" type="cond" truecount="2" falsecount="0"/>
      <line num="12" count="1" type="stmt"/>
      <line num="14" count="1" type="stmt"/>
      <line num="17" count="1" type="stmt"/>
      <line num="18" count="2" type="cond" truecount="2" falsecount="0"/>
      <line num="19" count="1" type="stmt"/>
      <line num="21" count="1" type="stmt"/>
      <line num="24" count="1" type="stmt"/>
      <line num="25" count="2" type="cond" truecount="2" falsecount="0"/>
      <line num="26" count="1" type="stmt"/>
      <line num="28" count="1" type="stmt"/>
      <line num="30" count="1" type="stmt"/>
      <line num="31" count="4" type="stmt"/>
      <line num="32" count="4" type="cond" truecount="2" falsecount="0"/>
      <line num="33" count="1" type="stmt"/>
      <line num="35" count="3" type="cond" truecount="2" falsecount="0"/>
      <line num="36" count="1" type="stmt"/>
      <line num="38" count="2" type="cond" truecount="2" falsecount="0"/>
      <line num="39" count="1" type="stmt"/>
      <line num="41" count="1" type="cond" truecount="1" falsecount="1"/>
      <line num="42" count="1" type="stmt"/>
    </file>
  </project>
</coverage>
