{"/home/felipe-ferraz/Área de Trabalho/desafio-big-bang/desafio-back-End-Big-Bang/src/business/verifyBusiness.ts": {"path":"/home/felipe-ferraz/Área de Trabalho/desafio-big-bang/desafio-back-End-Big-Bang/src/business/verifyBusiness.ts","statementMap":{"0":{"start":{"line":3,"column":13},"end":{"line":8,"column":2}},"1":{"start":{"line":4,"column":2},"end":{"line":6,"column":null}},"2":{"start":{"line":5,"column":4},"end":{"line":5,"column":37}},"3":{"start":{"line":7,"column":2},"end":{"line":7,"column":14}},"4":{"start":{"line":10,"column":13},"end":{"line":24,"column":2}},"5":{"start":{"line":11,"column":15},"end":{"line":11,"column":52}},"6":{"start":{"line":12,"column":2},"end":{"line":14,"column":null}},"7":{"start":{"line":13,"column":4},"end":{"line":13,"column":24}},"8":{"start":{"line":15,"column":2},"end":{"line":17,"column":null}},"9":{"start":{"line":16,"column":4},"end":{"line":16,"column":23}},"10":{"start":{"line":18,"column":2},"end":{"line":20,"column":null}},"11":{"start":{"line":19,"column":4},"end":{"line":19,"column":24}},"12":{"start":{"line":21,"column":2},"end":{"line":23,"column":null}},"13":{"start":{"line":22,"column":4},"end":{"line":22,"column":27}},"14":{"start":{"line":26,"column":13},"end":{"line":30,"column":2}},"15":{"start":{"line":27,"column":2},"end":{"line":29,"column":null}},"16":{"start":{"line":28,"column":4},"end":{"line":28,"column":37}},"17":{"start":{"line":32,"column":13},"end":{"line":37,"column":2}},"18":{"start":{"line":33,"column":2},"end":{"line":35,"column":null}},"19":{"start":{"line":34,"column":4},"end":{"line":34,"column":43}},"20":{"start":{"line":36,"column":2},"end":{"line":36,"column":14}}},"fnMap":{"0":{"name":"(anonymous_0)","decl":{"start":{"line":3,"column":30},"end":{"line":3,"column":31}},"loc":{"start":{"line":3,"column":53},"end":{"line":8,"column":1}}},"1":{"name":"(anonymous_1)","decl":{"start":{"line":10,"column":33},"end":{"line":10,"column":34}},"loc":{"start":{"line":10,"column":56},"end":{"line":24,"column":1}}},"2":{"name":"(anonymous_2)","decl":{"start":{"line":26,"column":37},"end":{"line":26,"column":38}},"loc":{"start":{"line":26,"column":55},"end":{"line":30,"column":1}}},"3":{"name":"(anonymous_3)","decl":{"start":{"line":32,"column":38},"end":{"line":32,"column":39}},"loc":{"start":{"line":32,"column":56},"end":{"line":37,"column":1}}}},"branchMap":{"0":{"loc":{"start":{"line":4,"column":2},"end":{"line":6,"column":null}},"type":"if","locations":[{"start":{"line":4,"column":2},"end":{"line":6,"column":null}},{"start":{"line":4,"column":2},"end":{"line":6,"column":null}}]},"1":{"loc":{"start":{"line":4,"column":6},"end":{"line":4,"column":20}},"type":"binary-expr","locations":[{"start":{"line":4,"column":6},"end":{"line":4,"column":20}},{"start":{"line":4,"column":25},"end":{"line":4,"column":38}},{"start":{"line":4,"column":42},"end":{"line":4,"column":55}}]},"2":{"loc":{"start":{"line":12,"column":2},"end":{"line":14,"column":null}},"type":"if","locations":[{"start":{"line":12,"column":2},"end":{"line":14,"column":null}},{"start":{"line":12,"column":2},"end":{"line":14,"column":null}}]},"3":{"loc":{"start":{"line":15,"column":2},"end":{"line":17,"column":null}},"type":"if","locations":[{"start":{"line":15,"column":2},"end":{"line":17,"column":null}},{"start":{"line":15,"column":2},"end":{"line":17,"column":null}}]},"4":{"loc":{"start":{"line":18,"column":2},"end":{"line":20,"column":null}},"type":"if","locations":[{"start":{"line":18,"column":2},"end":{"line":20,"column":null}},{"start":{"line":18,"column":2},"end":{"line":20,"column":null}}]},"5":{"loc":{"start":{"line":21,"column":2},"end":{"line":23,"column":null}},"type":"if","locations":[{"start":{"line":21,"column":2},"end":{"line":23,"column":null}},{"start":{"line":21,"column":2},"end":{"line":23,"column":null}}]},"6":{"loc":{"start":{"line":27,"column":2},"end":{"line":29,"column":null}},"type":"if","locations":[{"start":{"line":27,"column":2},"end":{"line":29,"column":null}},{"start":{"line":27,"column":2},"end":{"line":29,"column":null}}]},"7":{"loc":{"start":{"line":33,"column":2},"end":{"line":35,"column":null}},"type":"if","locations":[{"start":{"line":33,"column":2},"end":{"line":35,"column":null}},{"start":{"line":33,"column":2},"end":{"line":35,"column":null}}]}},"s":{"0":1,"1":5,"2":3,"3":2,"4":1,"5":4,"6":4,"7":1,"8":3,"9":1,"10":2,"11":1,"12":1,"13":1,"14":1,"15":0,"16":0,"17":1,"18":2,"19":1,"20":1},"f":{"0":5,"1":4,"2":0,"3":2},"b":{"0":[3,2],"1":[5,4,2],"2":[1,3],"3":[1,2],"4":[1,1],"5":[1,0],"6":[0,0],"7":[1,1]}}
}
