{"/home/felipe-ferraz/Área de Trabalho/desafio-big-bang/desafio-back-End-Big-Bang/src/business/verifyBusiness.ts": {"path":"/home/felipe-ferraz/Área de Trabalho/desafio-big-bang/desafio-back-End-Big-Bang/src/business/verifyBusiness.ts","statementMap":{"0":{"start":{"line":3,"column":13},"end":{"line":8,"column":2}},"1":{"start":{"line":4,"column":2},"end":{"line":6,"column":null}},"2":{"start":{"line":5,"column":4},"end":{"line":5,"column":41}},"3":{"start":{"line":7,"column":2},"end":{"line":7,"column":14}},"4":{"start":{"line":10,"column":13},"end":{"line":15,"column":2}},"5":{"start":{"line":11,"column":2},"end":{"line":13,"column":null}},"6":{"start":{"line":12,"column":4},"end":{"line":12,"column":37}},"7":{"start":{"line":14,"column":2},"end":{"line":14,"column":14}},"8":{"start":{"line":17,"column":13},"end":{"line":22,"column":2}},"9":{"start":{"line":18,"column":2},"end":{"line":20,"column":null}},"10":{"start":{"line":19,"column":4},"end":{"line":19,"column":37}},"11":{"start":{"line":21,"column":2},"end":{"line":21,"column":14}},"12":{"start":{"line":24,"column":13},"end":{"line":29,"column":2}},"13":{"start":{"line":25,"column":2},"end":{"line":27,"column":null}},"14":{"start":{"line":26,"column":4},"end":{"line":26,"column":37}},"15":{"start":{"line":28,"column":2},"end":{"line":28,"column":14}},"16":{"start":{"line":30,"column":13},"end":{"line":44,"column":2}},"17":{"start":{"line":31,"column":15},"end":{"line":31,"column":52}},"18":{"start":{"line":32,"column":2},"end":{"line":34,"column":null}},"19":{"start":{"line":33,"column":4},"end":{"line":33,"column":24}},"20":{"start":{"line":35,"column":2},"end":{"line":37,"column":null}},"21":{"start":{"line":36,"column":4},"end":{"line":36,"column":23}},"22":{"start":{"line":38,"column":2},"end":{"line":40,"column":null}},"23":{"start":{"line":39,"column":4},"end":{"line":39,"column":24}},"24":{"start":{"line":41,"column":2},"end":{"line":43,"column":null}},"25":{"start":{"line":42,"column":4},"end":{"line":42,"column":27}}},"fnMap":{"0":{"name":"(anonymous_0)","decl":{"start":{"line":3,"column":30},"end":{"line":3,"column":31}},"loc":{"start":{"line":3,"column":53},"end":{"line":8,"column":1}}},"1":{"name":"(anonymous_1)","decl":{"start":{"line":10,"column":37},"end":{"line":10,"column":38}},"loc":{"start":{"line":10,"column":55},"end":{"line":15,"column":1}}},"2":{"name":"(anonymous_2)","decl":{"start":{"line":17,"column":38},"end":{"line":17,"column":39}},"loc":{"start":{"line":17,"column":56},"end":{"line":22,"column":1}}},"3":{"name":"(anonymous_3)","decl":{"start":{"line":24,"column":38},"end":{"line":24,"column":39}},"loc":{"start":{"line":24,"column":56},"end":{"line":29,"column":1}}},"4":{"name":"(anonymous_4)","decl":{"start":{"line":30,"column":33},"end":{"line":30,"column":34}},"loc":{"start":{"line":30,"column":56},"end":{"line":44,"column":1}}}},"branchMap":{"0":{"loc":{"start":{"line":4,"column":2},"end":{"line":6,"column":null}},"type":"if","locations":[{"start":{"line":4,"column":2},"end":{"line":6,"column":null}},{"start":{"line":4,"column":2},"end":{"line":6,"column":null}}]},"1":{"loc":{"start":{"line":4,"column":6},"end":{"line":4,"column":20}},"type":"binary-expr","locations":[{"start":{"line":4,"column":6},"end":{"line":4,"column":20}},{"start":{"line":4,"column":25},"end":{"line":4,"column":38}},{"start":{"line":4,"column":42},"end":{"line":4,"column":55}}]},"2":{"loc":{"start":{"line":11,"column":2},"end":{"line":13,"column":null}},"type":"if","locations":[{"start":{"line":11,"column":2},"end":{"line":13,"column":null}},{"start":{"line":11,"column":2},"end":{"line":13,"column":null}}]},"3":{"loc":{"start":{"line":18,"column":2},"end":{"line":20,"column":null}},"type":"if","locations":[{"start":{"line":18,"column":2},"end":{"line":20,"column":null}},{"start":{"line":18,"column":2},"end":{"line":20,"column":null}}]},"4":{"loc":{"start":{"line":25,"column":2},"end":{"line":27,"column":null}},"type":"if","locations":[{"start":{"line":25,"column":2},"end":{"line":27,"column":null}},{"start":{"line":25,"column":2},"end":{"line":27,"column":null}}]},"5":{"loc":{"start":{"line":32,"column":2},"end":{"line":34,"column":null}},"type":"if","locations":[{"start":{"line":32,"column":2},"end":{"line":34,"column":null}},{"start":{"line":32,"column":2},"end":{"line":34,"column":null}}]},"6":{"loc":{"start":{"line":35,"column":2},"end":{"line":37,"column":null}},"type":"if","locations":[{"start":{"line":35,"column":2},"end":{"line":37,"column":null}},{"start":{"line":35,"column":2},"end":{"line":37,"column":null}}]},"7":{"loc":{"start":{"line":38,"column":2},"end":{"line":40,"column":null}},"type":"if","locations":[{"start":{"line":38,"column":2},"end":{"line":40,"column":null}},{"start":{"line":38,"column":2},"end":{"line":40,"column":null}}]},"8":{"loc":{"start":{"line":41,"column":2},"end":{"line":43,"column":null}},"type":"if","locations":[{"start":{"line":41,"column":2},"end":{"line":43,"column":null}},{"start":{"line":41,"column":2},"end":{"line":43,"column":null}}]}},"s":{"0":1,"1":5,"2":3,"3":2,"4":1,"5":2,"6":1,"7":1,"8":1,"9":2,"10":1,"11":1,"12":1,"13":2,"14":1,"15":1,"16":1,"17":4,"18":4,"19":1,"20":3,"21":1,"22":2,"23":1,"24":1,"25":1},"f":{"0":5,"1":2,"2":2,"3":2,"4":4},"b":{"0":[3,2],"1":[5,4,2],"2":[1,1],"3":[1,1],"4":[1,1],"5":[1,3],"6":[1,2],"7":[1,1],"8":[1,0]}}
}
