TN:
SF:src/business/verifyBusiness.ts
FN:3,(anonymous_0)
FN:10,(anonymous_1)
FN:26,(anonymous_2)
FN:32,(anonymous_3)
FNF:4
FNH:3
FNDA:5,(anonymous_0)
FNDA:4,(anonymous_1)
FNDA:0,(anonymous_2)
FNDA:2,(anonymous_3)
DA:3,1
DA:4,5
DA:5,3
DA:7,2
DA:10,1
DA:11,4
DA:12,4
DA:13,1
DA:15,3
DA:16,1
DA:18,2
DA:19,1
DA:21,1
DA:22,1
DA:26,1
DA:27,0
DA:28,0
DA:32,1
DA:33,2
DA:34,1
DA:36,1
LF:21
LH:19
BRDA:4,0,0,3
BRDA:4,0,1,2
BRDA:4,1,0,5
BRDA:4,1,1,4
BRDA:4,1,2,2
BRDA:12,2,0,1
BRDA:12,2,1,3
BRDA:15,3,0,1
BRDA:15,3,1,2
BRDA:18,4,0,1
BRDA:18,4,1,1
BRDA:21,5,0,1
BRDA:21,5,1,0
BRDA:27,6,0,0
BRDA:27,6,1,0
BRDA:33,7,0,1
BRDA:33,7,1,1
BRF:17
BRH:14
end_of_record
