TN:
SF:src/business/verifyBusiness.ts
FN:3,(anonymous_0)
FN:10,(anonymous_1)
FN:17,(anonymous_2)
FN:24,(anonymous_3)
FN:30,(anonymous_4)
FNF:5
FNH:5
FNDA:5,(anonymous_0)
FNDA:2,(anonymous_1)
FNDA:2,(anonymous_2)
FNDA:2,(anonymous_3)
FNDA:4,(anonymous_4)
DA:3,1
DA:4,5
DA:5,3
DA:7,2
DA:10,1
DA:11,2
DA:12,1
DA:14,1
DA:17,1
DA:18,2
DA:19,1
DA:21,1
DA:24,1
DA:25,2
DA:26,1
DA:28,1
DA:30,1
DA:31,4
DA:32,4
DA:33,1
DA:35,3
DA:36,1
DA:38,2
DA:39,1
DA:41,1
DA:42,1
LF:26
LH:26
BRDA:4,0,0,3
BRDA:4,0,1,2
BRDA:4,1,0,5
BRDA:4,1,1,4
BRDA:4,1,2,2
BRDA:11,2,0,1
BRDA:11,2,1,1
BRDA:18,3,0,1
BRDA:18,3,1,1
BRDA:25,4,0,1
BRDA:25,4,1,1
BRDA:32,5,0,1
BRDA:32,5,1,3
BRDA:35,6,0,1
BRDA:35,6,1,2
BRDA:38,7,0,1
BRDA:38,7,1,1
BRDA:41,8,0,1
BRDA:41,8,1,0
BRF:19
BRH:18
end_of_record
